<?xml version="1.0" encoding="UTF-8"?>
<!-- Generated by org.testng.reporters.JUnitReportReporter -->
<testsuite hostname="LAPTOP-B6MQFRDE" failures="0" tests="1" name="selenium_Maven_Project.TDDandBDD.tester2" time="7.936" errors="0" timestamp="2024-02-12T18:06:14 EST" skipped="0">
  <testcase classname="selenium_Maven_Project.TDDandBDD.tester2" name="demo" time="7.936"/>
  <system-out/>
</testsuite> <!-- selenium_Maven_Project.TDDandBDD.tester2 -->
