<?xml version="1.0" encoding="UTF-8"?>
<!-- Generated by org.testng.reporters.JUnitReportReporter -->
<testsuite skipped="0" hostname="LAPTOP-B6MQFRDE" name="selenium_Maven_Project.TDDandBDD.tester1" tests="1" failures="0" timestamp="2024-02-12T21:08:30 EST" time="10.710" errors="0">
  <testcase name="demo" time="10.710" classname="selenium_Maven_Project.TDDandBDD.tester1"/>
  <system-out/>
</testsuite> <!-- selenium_Maven_Project.TDDandBDD.tester1 -->
