<?xml version="1.0" encoding="UTF-8"?>
<!-- Generated by org.testng.reporters.JUnitReportReporter -->
<testsuite skipped="0" hostname="LAPTOP-B6MQFRDE" name="selenium_Maven_Project.TDDandBDD.tester2" tests="1" failures="0" timestamp="2024-02-12T21:08:30 EST" time="8.859" errors="0">
  <testcase name="demo" time="8.859" classname="selenium_Maven_Project.TDDandBDD.tester2"/>
  <system-out/>
</testsuite> <!-- selenium_Maven_Project.TDDandBDD.tester2 -->
